2022-07-27 17:04:26,285: INFO: +++++++++++Test_001_login++++++++++++++
2022-07-27 17:04:26,286: INFO: +++++++++++verifying test home page++++++++++++++
2022-07-27 17:04:32,408: INFO: +++++++++++test home page passed++++++++++++++
2022-07-27 17:04:42,375: INFO: +++++++++++test login started++++++++++++++
2022-07-27 17:05:10,319: INFO: +++++++++++test login passed++++++++++++++
2022-07-27 17:59:35,923: INFO: +++++++++++test login started++++++++++++++
2022-07-27 18:00:04,642: INFO: +++++++++++test login passed++++++++++++++
2022-07-27 18:03:00,587: INFO: +++++++++++Test_001_login++++++++++++++
2022-07-27 18:03:00,587: INFO: +++++++++++verifying test home page++++++++++++++
2022-07-27 18:03:04,080: INFO: +++++++++++test home page passed++++++++++++++
2022-07-27 18:03:12,967: INFO: +++++++++++test login started++++++++++++++
2022-07-27 18:03:29,387: INFO: +++++++++++test login passed++++++++++++++
2022-07-27 19:51:26,032: INFO: +++++++++++Test_002_DDT_login++++++++++++++
2022-07-27 19:51:26,095: INFO: +++++++++++test login started++++++++++++++
2022-07-27 19:53:59,888: INFO: +++++++++++Test_002_DDT_login++++++++++++++
2022-07-27 19:54:00,154: INFO: +++++++++++test login started++++++++++++++
2022-07-27 19:54:41,167: INFO: *******passed
2022-07-27 19:54:58,405: INFO: *******Failed
2022-07-27 19:55:08,068: INFO: *******passed
2022-07-27 20:09:02,922: INFO: +++++++++++Test_002_DDT_login++++++++++++++
2022-07-27 20:09:03,049: INFO: +++++++++++test login started++++++++++++++
2022-07-27 20:11:49,882: INFO: +++++++++++Test_002_DDT_login++++++++++++++
2022-07-27 20:11:49,891: INFO: +++++++++++test login started++++++++++++++
2022-07-27 20:12:27,108: INFO: *******passed
2022-07-27 20:12:46,785: INFO: *******Failed
2022-07-27 20:13:05,619: INFO: *******passed
2022-07-27 20:16:15,450: INFO: +++++++++++Test_002_DDT_login++++++++++++++
2022-07-27 20:16:15,495: INFO: +++++++++++test login started++++++++++++++
2022-07-27 20:17:24,685: INFO: *******passed
2022-07-27 20:19:00,288: INFO: +++++++++++Test_002_DDT_login++++++++++++++
2022-07-27 20:19:00,288: INFO: +++++++++++test login started++++++++++++++
2022-07-27 20:19:32,190: INFO: *******passed
2022-07-27 20:19:54,020: INFO: *******Failed
2022-07-27 20:20:16,002: INFO: *******passed
2022-07-27 20:40:48,336: INFO: +++++++++++Test_002_DDT_login++++++++++++++
2022-07-27 20:40:48,864: INFO: +++++++++++test login started++++++++++++++
2022-07-27 20:41:17,538: INFO: *******passed after correct credentials
2022-07-27 20:41:36,518: INFO: *******Failed after correct credentials
2022-07-27 20:42:03,279: INFO: *******passed
2022-07-27 20:50:20,155: INFO: +++++++++++Test_002_DDT_login++++++++++++++
2022-07-27 20:50:20,297: INFO: +++++++++++test login started++++++++++++++
2022-07-27 20:51:18,306: INFO: *******passed after correct credentials
2022-07-27 20:51:59,437: INFO: *******passed
2022-07-27 20:55:52,748: INFO: +++++++++++Test_002_DDT_login++++++++++++++
2022-07-27 20:55:52,748: INFO: +++++++++++test login started++++++++++++++
2022-07-27 20:56:20,604: INFO: *******passed after correct credentials
2022-07-27 20:56:41,568: INFO: *******passed
2022-07-27 21:01:41,521: INFO: +++++++++++Test_002_DDT_login++++++++++++++
2022-07-27 21:01:41,521: INFO: +++++++++++test login started++++++++++++++
2022-07-27 21:02:08,982: INFO: *******passed after correct credentials
2022-07-27 21:02:31,741: INFO: *******passed
2022-07-27 21:11:53,344: INFO: +++++++++++Test_002_DDT_login++++++++++++++
2022-07-27 21:11:53,467: INFO: +++++++++++test login started++++++++++++++
2022-07-27 21:15:10,824: INFO: +++++++++++Test_002_DDT_login++++++++++++++
2022-07-27 21:15:11,052: INFO: +++++++++++test login started++++++++++++++
2022-07-27 21:20:26,228: INFO: +++++++++++Test_002_DDT_login++++++++++++++
2022-07-27 21:20:26,463: INFO: +++++++++++test login started++++++++++++++
2022-07-27 21:22:09,860: INFO: +++++++++++Test_002_DDT_login++++++++++++++
2022-07-27 21:22:09,861: INFO: +++++++++++test login started++++++++++++++
2022-07-27 21:22:33,718: INFO: *******passed after correct credentials
2022-07-27 21:23:06,635: INFO: *******passed
2022-07-27 21:25:50,185: INFO: +++++++++++Test_002_DDT_login++++++++++++++
2022-07-27 21:25:50,185: INFO: +++++++++++test login started++++++++++++++
2022-07-27 21:26:12,977: INFO: *******passed after correct credentials
2022-07-27 21:31:06,371: INFO: +++++++++++Test_002_DDT_login++++++++++++++
2022-07-27 21:31:06,372: INFO: +++++++++++test login started++++++++++++++
2022-07-27 21:31:34,911: INFO: *******passed after correct credentials
2022-07-27 21:31:54,379: INFO: *******passed
2022-07-27 21:34:55,135: INFO: +++++++++++Test_002_DDT_login++++++++++++++
2022-07-27 21:34:55,344: INFO: +++++++++++test login started++++++++++++++
2022-07-27 21:39:11,426: INFO: +++++++++++Test_002_DDT_login++++++++++++++
2022-07-27 21:39:11,772: INFO: +++++++++++test login started++++++++++++++
2022-07-27 21:40:44,628: INFO: +++++++++++Test_002_DDT_login++++++++++++++
2022-07-27 21:40:44,628: INFO: +++++++++++test login started++++++++++++++
2022-07-27 21:43:11,888: INFO: +++++++++++Test_002_DDT_login++++++++++++++
2022-07-27 21:43:12,244: INFO: +++++++++++test login started++++++++++++++
